<?xml version="1.0" encoding="UTF-8"?>
<!-- Generated by org.testng.reporters.JUnitXMLReporter -->
<testsuite ignored="0" hostname="LAPTOP-38MEE7AV" failures="1" tests="6" name="Test" time="68.165" errors="0" timestamp="2024-10-22T21:06:33 IST">
  <testcase classname="testCases.TC001_AccountRegistrationTest" name="verify_account_registration" time="3.863"/>
  <testcase classname="testCases.TC002_LoginTest" name="verify_login" time="2.113"/>
  <testcase classname="testCases.TC004_AddToCartTest" name="verify_AddToCart" time="3.11"/>
  <testcase classname="testCases.TC005_CheckOutTest" name="verify_checkOutTest" time="26.331">
    <failure type="java.lang.AssertionError" message="null">
      <![CDATA[java.lang.AssertionError: null
at testCases.TC005_CheckOutTest.verify_checkOutTest(TC005_CheckOutTest.java:108)
at java.base/java.util.ArrayList.forEach(ArrayList.java:1541)
... Removed 33 stack frames]]>
    </failure>
  </testcase> <!-- verify_checkOutTest -->
  <testcase classname="testCases.TC008_SearchProductTest" name="verify_searchProduct" time="1.976"/>
  <testcase classname="testCases.TC009_ViewProductDetailsDescriptionTest" name="verify_productDetails" time="4.124"/>
</testsuite> <!-- Test -->
