<?xml version="1.0" encoding="UTF-8"?>
<!-- Generated by org.testng.reporters.JUnitXMLReporter -->
<testsuite ignored="0" hostname="LAPTOP-38MEE7AV" failures="1" tests="12" name="Linux-Firefox" time="185.869" errors="0" timestamp="2024-10-21T23:15:52 IST">
  <testcase classname="testCases.TC001_AccountRegistrationTest" name="verify_account_registration" time="4.35"/>
  <testcase classname="testCases.TC002_LoginTest" name="verify_login" time="2.878"/>
  <testcase classname="testCases.TC003_LoginDDT" name="verify_loginDDT" time="5.515"/>
  <testcase classname="testCases.TC003_LoginDDT" name="verify_loginDDT" time="6.21"/>
  <testcase classname="testCases.TC003_LoginDDT" name="verify_loginDDT" time="5.378"/>
  <testcase classname="testCases.TC003_LoginDDT" name="verify_loginDDT" time="14.123"/>
  <testcase classname="testCases.TC003_LoginDDT" name="verify_loginDDT" time="4.89"/>
  <testcase classname="testCases.TC003_LoginDDT" name="verify_loginDDT" time="14.713"/>
  <testcase classname="testCases.TC004_AddToCartTest" name="verify_AddToCart" time="3.52"/>
  <testcase classname="testCases.TC005_CheckOutTest" name="verify_checkOutTest" time="29.021">
    <failure type="java.lang.AssertionError" message="null">
      <![CDATA[java.lang.AssertionError: null
at testCases.TC005_CheckOutTest.verify_checkOutTest(TC005_CheckOutTest.java:108)
at java.base/java.util.ArrayList.forEach(ArrayList.java:1511)
... Removed 27 stack frames]]>
    </failure>
  </testcase> <!-- verify_checkOutTest -->
  <testcase classname="testCases.TC008_SearchProductTest" name="verify_searchProduct" time="2.515"/>
  <testcase classname="testCases.TC009_ViewProductDetailsDescriptionTest" name="verify_productDetails" time="5.013"/>
</testsuite> <!-- Linux-Firefox -->
